<?xml version="1.0" encoding="UTF-8"?>
<testng-results skipped="0" failed="0" total="1" passed="1">
  <reporter-output>
  </reporter-output>
  <suite name="Default suite" duration-ms="9860" started-at="2016-10-11T02:12:33Z" finished-at="2016-10-11T02:12:43Z">
    <groups>
    </groups>
    <test name="Default test" duration-ms="9860" started-at="2016-10-11T02:12:33Z" finished-at="2016-10-11T02:12:43Z">
      <class name="sampletestng.Tests">
        <test-method status="PASS" signature="a()[pri:0, instance:sampletestng.Tests@72d818d1]" name="a" duration-ms="9831" started-at="2016-10-10T22:12:33Z" finished-at="2016-10-10T22:12:43Z">
          <reporter-output>
          </reporter-output>
        </test-method> <!-- a -->
      </class> <!-- sampletestng.Tests -->
    </test> <!-- Default test -->
  </suite> <!-- Default suite -->
</testng-results>
